To https://github.com/ummeark/uu-tester-KSTilskudd.git
   6dd8e87..89fd3f4  main -> main
cp: /Users/ummearkhan/tester-KSTilskudd/rapporter/2026-04-16/rapport.html: No such file or directory
To https://github.com/ummeark/tester-KSTilskudd.git
   69e0419..3432dc4  main -> main
To https://github.com/ummeark/tester-KSTilskudd-TEST.git
   b309964..c4d4a4b  main -> main
To https://github.com/ummeark/tester-KSTilskudd-TEST.git
   61cda5d..d06b6b3  main -> main
To https://github.com/ummeark/tester-KSTilskudd-TEST.git
   f68d809..4ccfe19  main -> main
🔍 Validerer miljøseparasjon (TEST – tilskudd.fiks.test.ks.no)...
[0;32m✅ Miljøvalidering OK – ingen PROD-kontaminering i TEST-repo[0m
To https://github.com/ummeark/tester-KSTilskudd-TEST.git
   4d42eed..41aa619  main -> main
🔍 Validerer miljøseparasjon (TEST – tilskudd.fiks.test.ks.no)...
[0;32m✅ Miljøvalidering OK – ingen PROD-kontaminering i TEST-repo[0m
To https://github.com/ummeark/tester-KSTilskudd-TEST.git
   734c862..a3ed53e  main -> main
🔍 Validerer miljøseparasjon (TEST – tilskudd.fiks.test.ks.no)...
[0;32m✅ Miljøvalidering OK – ingen PROD-kontaminering i TEST-repo[0m
To https://github.com/ummeark/tester-KSTilskudd-TEST.git
   ee07b8a..c3d6745  main -> main
🔍 Validerer miljøseparasjon (TEST – tilskudd.fiks.test.ks.no)...
[0;32m✅ Miljøvalidering OK – ingen PROD-kontaminering i TEST-repo[0m
To https://github.com/ummeark/tester-KSTilskudd-TEST.git
   1076b66..349466e  main -> main
