[main 89fd3f4] Daglig UU-rapport 2026-04-14 [skip ci]
 64 files changed, 6031 insertions(+), 92 deletions(-)
 create mode 100644 docs/arkiv/2026-04-13/skjermbilder/s9-doede-lenker-side.png
 create mode 100644 docs/arkiv/2026-04-14/rapport.html
 rename docs/{skjermbilder => arkiv/2026-04-14}/skjermbilder/s2-page-has-heading-one-0-element.png (100%)
 rename docs/{skjermbilder => arkiv/2026-04-14}/skjermbilder/s2-page-has-heading-one-0-side.png (100%)
 rename docs/{skjermbilder => arkiv/2026-04-14}/skjermbilder/s4-doede-lenker-side.png (100%)
 rename docs/{skjermbilder => arkiv/2026-04-14}/skjermbilder/s5-doede-lenker-side.png (100%)
 rename docs/{skjermbilder => arkiv/2026-04-14}/skjermbilder/s6-doede-lenker-side.png (100%)
 rename docs/{skjermbilder => arkiv/2026-04-14}/skjermbilder/s7-doede-lenker-side.png (100%)
 rename docs/{skjermbilder => arkiv/2026-04-14}/skjermbilder/s8-doede-lenker-side.png (100%)
 delete mode 100644 docs/skjermbilder-monkey/monkey-feilside-6.png
 delete mode 100644 docs/skjermbilder/s1-region-0-element.png
 delete mode 100644 docs/skjermbilder/s1-region-0-side.png
 delete mode 100644 docs/skjermbilder/s2-region-1-element.png
 delete mode 100644 docs/skjermbilder/s4-region-0-element.png
 delete mode 100644 docs/skjermbilder/s4-region-0-side.png
 delete mode 100644 docs/skjermbilder/s5-region-0-element.png
 delete mode 100644 docs/skjermbilder/s6-region-0-element.png
 delete mode 100644 docs/skjermbilder/s6-region-0-side.png
 delete mode 100644 docs/skjermbilder/s7-region-0-element.png
 delete mode 100644 docs/skjermbilder/s8-region-0-element.png
 create mode 100644 rapporter/2026-04-14/monkey-rapport.html
 create mode 100644 rapporter/2026-04-14/monkey-resultat.json
 create mode 100644 rapporter/2026-04-14/negativ-rapport.html
 create mode 100644 rapporter/2026-04-14/negativ-resultat.json
 create mode 100644 rapporter/2026-04-14/rapport.html
 create mode 100644 rapporter/2026-04-14/resultat.json
 create mode 100644 rapporter/2026-04-14/sikkerhet-rapport.html
 create mode 100644 rapporter/2026-04-14/sikkerhet-resultat.json
 rename docs/skjermbilder/s7-region-0-side.png => rapporter/2026-04-14/skjermbilder-monkey/monkey-feilside-2.png (79%)
 rename docs/skjermbilder-monkey/monkey-pre-submit-7.png => rapporter/2026-04-14/skjermbilder-monkey/monkey-pre-submit-1.png (100%)
 rename docs/skjermbilder-monkey/monkey-pre-submit-2.png => rapporter/2026-04-14/skjermbilder-monkey/monkey-pre-submit-3.png (87%)
 rename docs/skjermbilder-monkey/monkey-pre-submit-8.png => rapporter/2026-04-14/skjermbilder-monkey/monkey-pre-submit-4.png (88%)
 create mode 100644 rapporter/2026-04-14/skjermbilder-monkey/monkey-pre-submit-5.png
 create mode 100644 rapporter/2026-04-14/skjermbilder-negativ/negativ-mobil-5.png
 create mode 100644 rapporter/2026-04-14/skjermbilder-negativ/negativ-url-ingen-feilside-1.png
 create mode 100644 rapporter/2026-04-14/skjermbilder-negativ/negativ-url-ingen-feilside-2.png
 create mode 100644 rapporter/2026-04-14/skjermbilder-negativ/negativ-url-ingen-feilside-3.png
 create mode 100644 rapporter/2026-04-14/skjermbilder-negativ/negativ-url-ingen-feilside-4.png
 create mode 100644 rapporter/2026-04-14/skjermbilder/s2-page-has-heading-one-0-element.png
 rename docs/skjermbilder/s2-region-1-side.png => rapporter/2026-04-14/skjermbilder/s2-page-has-heading-one-0-side.png (86%)
 rename docs/skjermbilder-monkey/monkey-feilside-1.png => rapporter/2026-04-14/skjermbilder/s4-doede-lenker-side.png (100%)
 rename docs/skjermbilder/s5-region-0-side.png => rapporter/2026-04-14/skjermbilder/s5-doede-lenker-side.png (76%)
 rename docs/skjermbilder-monkey/monkey-feilside-4.png => rapporter/2026-04-14/skjermbilder/s6-doede-lenker-side.png (100%)
 create mode 100644 rapporter/2026-04-14/skjermbilder/s7-doede-lenker-side.png
 rename docs/skjermbilder/s8-region-0-side.png => rapporter/2026-04-14/skjermbilder/s8-doede-lenker-side.png (85%)
 create mode 100644 rapporter/kjoring.log
 create mode 100644 rapporter/launchd-stderr.log
 create mode 100644 rapporter/launchd-stdout.log
[main 3432dc4] Daglig UU-rapport 2026-04-17 [skip ci]
 91 files changed, 14893 insertions(+), 100 deletions(-)
 create mode 100644 docs/arkiv/2026-04-17/monkey-rapport-08-34.html
 create mode 100644 docs/arkiv/2026-04-17/monkey-rapport.html
 create mode 100644 docs/arkiv/2026-04-17/negativ-rapport-08-35.html
 create mode 100644 docs/arkiv/2026-04-17/negativ-rapport.html
 create mode 100644 docs/arkiv/2026-04-17/sikkerhet-rapport-08-34.html
 create mode 100644 docs/arkiv/2026-04-17/sikkerhet-rapport.html
 create mode 100644 docs/arkiv/2026-04-17/skjermbilder-monkey/monkey-feilside-10.png
 create mode 100644 docs/arkiv/2026-04-17/skjermbilder-monkey/monkey-feilside-11.png
 create mode 100644 docs/arkiv/2026-04-17/skjermbilder-monkey/monkey-feilside-3.png
 create mode 100644 docs/arkiv/2026-04-17/skjermbilder-monkey/monkey-feilside-5.png
 create mode 100644 docs/arkiv/2026-04-17/skjermbilder-monkey/monkey-feilside-9.png
 create mode 100644 docs/arkiv/2026-04-17/skjermbilder-monkey/monkey-pre-submit-1.png
 create mode 100644 docs/arkiv/2026-04-17/skjermbilder-monkey/monkey-pre-submit-12.png
 create mode 100644 docs/arkiv/2026-04-17/skjermbilder-monkey/monkey-pre-submit-2.png
 create mode 100644 docs/arkiv/2026-04-17/skjermbilder-monkey/monkey-pre-submit-4.png
 create mode 100644 docs/arkiv/2026-04-17/skjermbilder-monkey/monkey-pre-submit-6.png
 create mode 100644 docs/arkiv/2026-04-17/skjermbilder-monkey/monkey-pre-submit-7.png
 create mode 100644 docs/arkiv/2026-04-17/skjermbilder-monkey/monkey-pre-submit-8.png
 create mode 100644 docs/arkiv/2026-04-17/skjermbilder-negativ/negativ-mobil-5.png
 create mode 100644 docs/arkiv/2026-04-17/skjermbilder-negativ/negativ-url-ingen-feilside-1.png
 create mode 100644 docs/arkiv/2026-04-17/skjermbilder-negativ/negativ-url-ingen-feilside-2.png
 create mode 100644 docs/arkiv/2026-04-17/skjermbilder-negativ/negativ-url-ingen-feilside-3.png
 create mode 100644 docs/arkiv/2026-04-17/skjermbilder-negativ/negativ-url-ingen-feilside-4.png
 create mode 100644 docs/arkiv/2026-04-17/skjermbilder/s2-page-has-heading-one-0-element.png
 create mode 100644 docs/arkiv/2026-04-17/skjermbilder/s2-page-has-heading-one-0-side.png
 create mode 100644 docs/arkiv/2026-04-17/skjermbilder/s4-doede-lenker-side.png
 create mode 100644 docs/arkiv/2026-04-17/skjermbilder/s5-doede-lenker-side.png
 create mode 100644 docs/arkiv/2026-04-17/skjermbilder/s6-doede-lenker-side.png
 create mode 100644 docs/arkiv/2026-04-17/skjermbilder/s7-doede-lenker-side.png
 create mode 100644 docs/arkiv/2026-04-17/skjermbilder/s8-doede-lenker-side.png
 create mode 100644 docs/arkiv/2026-04-17/uu-rapport-08-33.html
 create mode 100644 docs/arkiv/2026-04-17/uu-rapport.html
 create mode 100644 docs/skjermbilder-monkey/monkey-feilside-10.png
 create mode 100644 rapporter/2026-04-17/monkey-rapport-08-34.html
 create mode 100644 rapporter/2026-04-17/monkey-rapport.html
 create mode 100644 rapporter/2026-04-17/monkey-resultat-08-34.json
 create mode 100644 rapporter/2026-04-17/monkey-resultat.json
 create mode 100644 rapporter/2026-04-17/negativ-rapport-08-35.html
 create mode 100644 rapporter/2026-04-17/negativ-rapport.html
 create mode 100644 rapporter/2026-04-17/negativ-resultat-08-35.json
 create mode 100644 rapporter/2026-04-17/negativ-resultat.json
 create mode 100644 rapporter/2026-04-17/resultat-08-33.json
 create mode 100644 rapporter/2026-04-17/resultat.json
 create mode 100644 rapporter/2026-04-17/sikkerhet-rapport-08-34.html
 create mode 100644 rapporter/2026-04-17/sikkerhet-rapport.html
 create mode 100644 rapporter/2026-04-17/sikkerhet-resultat-08-34.json
 create mode 100644 rapporter/2026-04-17/sikkerhet-resultat.json
 create mode 100644 rapporter/2026-04-17/skjermbilder-monkey/monkey-feilside-10.png
 create mode 100644 rapporter/2026-04-17/skjermbilder-monkey/monkey-feilside-11.png
 create mode 100644 rapporter/2026-04-17/skjermbilder-monkey/monkey-feilside-3.png
 create mode 100644 rapporter/2026-04-17/skjermbilder-monkey/monkey-feilside-5.png
 create mode 100644 rapporter/2026-04-17/skjermbilder-monkey/monkey-feilside-9.png
 create mode 100644 rapporter/2026-04-17/skjermbilder-monkey/monkey-pre-submit-1.png
 create mode 100644 rapporter/2026-04-17/skjermbilder-monkey/monkey-pre-submit-12.png
 create mode 100644 rapporter/2026-04-17/skjermbilder-monkey/monkey-pre-submit-2.png
 create mode 100644 rapporter/2026-04-17/skjermbilder-monkey/monkey-pre-submit-4.png
 create mode 100644 rapporter/2026-04-17/skjermbilder-monkey/monkey-pre-submit-6.png
 create mode 100644 rapporter/2026-04-17/skjermbilder-monkey/monkey-pre-submit-7.png
 create mode 100644 rapporter/2026-04-17/skjermbilder-monkey/monkey-pre-submit-8.png
 create mode 100644 rapporter/2026-04-17/skjermbilder-negativ/negativ-mobil-5.png
 create mode 100644 rapporter/2026-04-17/skjermbilder-negativ/negativ-url-ingen-feilside-1.png
 create mode 100644 rapporter/2026-04-17/skjermbilder-negativ/negativ-url-ingen-feilside-2.png
 create mode 100644 rapporter/2026-04-17/skjermbilder-negativ/negativ-url-ingen-feilside-3.png
 create mode 100644 rapporter/2026-04-17/skjermbilder-negativ/negativ-url-ingen-feilside-4.png
 create mode 100644 rapporter/2026-04-17/skjermbilder/s2-page-has-heading-one-0-element.png
 create mode 100644 rapporter/2026-04-17/skjermbilder/s2-page-has-heading-one-0-side.png
 create mode 100644 rapporter/2026-04-17/skjermbilder/s4-doede-lenker-side.png
 create mode 100644 rapporter/2026-04-17/skjermbilder/s5-doede-lenker-side.png
 create mode 100644 rapporter/2026-04-17/skjermbilder/s6-doede-lenker-side.png
 create mode 100644 rapporter/2026-04-17/skjermbilder/s7-doede-lenker-side.png
 create mode 100644 rapporter/2026-04-17/skjermbilder/s8-doede-lenker-side.png
 create mode 100644 rapporter/2026-04-17/uu-rapport-08-33.html
 create mode 100644 rapporter/2026-04-17/uu-rapport.html
 create mode 100644 rapporter/launchd-vakt-stderr.log
 create mode 100644 rapporter/launchd-vakt-stdout.log
[main c4d4a4b] Daglig UU-rapport 2026-04-20 [skip ci]
 64 files changed, 14507 insertions(+), 193 deletions(-)
 create mode 100644 docs/arkiv/2026-04-20/monkey-rapport-08-30.html
 create mode 100644 docs/arkiv/2026-04-20/monkey-rapport.html
 create mode 100644 docs/arkiv/2026-04-20/negativ-rapport-08-31.html
 create mode 100644 docs/arkiv/2026-04-20/negativ-rapport.html
 create mode 100644 docs/arkiv/2026-04-20/sikkerhet-rapport-08-30.html
 create mode 100644 docs/arkiv/2026-04-20/sikkerhet-rapport.html
 create mode 100644 docs/arkiv/2026-04-20/skjermbilder-monkey/monkey-feilside-1.png
 create mode 100644 docs/arkiv/2026-04-20/skjermbilder-monkey/monkey-feilside-2.png
 create mode 100644 docs/arkiv/2026-04-20/skjermbilder-monkey/monkey-pre-submit-3.png
 create mode 100644 docs/arkiv/2026-04-20/skjermbilder-negativ/negativ-mobil-5.png
 create mode 100644 docs/arkiv/2026-04-20/skjermbilder-negativ/negativ-url-ingen-feilside-1.png
 create mode 100644 docs/arkiv/2026-04-20/skjermbilder-negativ/negativ-url-ingen-feilside-2.png
 create mode 100644 docs/arkiv/2026-04-20/skjermbilder-negativ/negativ-url-ingen-feilside-3.png
 create mode 100644 docs/arkiv/2026-04-20/skjermbilder-negativ/negativ-url-ingen-feilside-4.png
 create mode 100644 docs/arkiv/2026-04-20/skjermbilder/s2-page-has-heading-one-0-element.png
 create mode 100644 docs/arkiv/2026-04-20/skjermbilder/s2-page-has-heading-one-0-side.png
 create mode 100644 docs/arkiv/2026-04-20/skjermbilder/s4-doede-lenker-side.png
 create mode 100644 docs/arkiv/2026-04-20/skjermbilder/s5-doede-lenker-side.png
 create mode 100644 docs/arkiv/2026-04-20/skjermbilder/s6-doede-lenker-side.png
 create mode 100644 docs/arkiv/2026-04-20/skjermbilder/s7-doede-lenker-side.png
 create mode 100644 docs/arkiv/2026-04-20/skjermbilder/s8-doede-lenker-side.png
 create mode 100644 docs/arkiv/2026-04-20/uu-rapport-08-30.html
 create mode 100644 docs/arkiv/2026-04-20/uu-rapport.html
 create mode 100644 rapporter/2026-04-20/monkey-rapport-08-30.html
 create mode 100644 rapporter/2026-04-20/monkey-rapport.html
 create mode 100644 rapporter/2026-04-20/monkey-resultat-08-30.json
 create mode 100644 rapporter/2026-04-20/monkey-resultat.json
 create mode 100644 rapporter/2026-04-20/negativ-rapport-08-31.html
 create mode 100644 rapporter/2026-04-20/negativ-rapport.html
 create mode 100644 rapporter/2026-04-20/negativ-resultat-08-31.json
 create mode 100644 rapporter/2026-04-20/negativ-resultat.json
 create mode 100644 rapporter/2026-04-20/resultat-08-30.json
 create mode 100644 rapporter/2026-04-20/resultat.json
 create mode 100644 rapporter/2026-04-20/sikkerhet-rapport-08-30.html
 create mode 100644 rapporter/2026-04-20/sikkerhet-rapport.html
 create mode 100644 rapporter/2026-04-20/sikkerhet-resultat-08-30.json
 create mode 100644 rapporter/2026-04-20/sikkerhet-resultat.json
 create mode 100644 rapporter/2026-04-20/skjermbilder-monkey/monkey-feilside-1.png
 create mode 100644 rapporter/2026-04-20/skjermbilder-monkey/monkey-feilside-2.png
 create mode 100644 rapporter/2026-04-20/skjermbilder-monkey/monkey-pre-submit-3.png
 create mode 100644 rapporter/2026-04-20/skjermbilder-negativ/negativ-mobil-5.png
 create mode 100644 rapporter/2026-04-20/skjermbilder-negativ/negativ-url-ingen-feilside-1.png
 create mode 100644 rapporter/2026-04-20/skjermbilder-negativ/negativ-url-ingen-feilside-2.png
 create mode 100644 rapporter/2026-04-20/skjermbilder-negativ/negativ-url-ingen-feilside-3.png
 create mode 100644 rapporter/2026-04-20/skjermbilder-negativ/negativ-url-ingen-feilside-4.png
 create mode 100644 rapporter/2026-04-20/skjermbilder/s2-page-has-heading-one-0-element.png
 create mode 100644 rapporter/2026-04-20/skjermbilder/s2-page-has-heading-one-0-side.png
 create mode 100644 rapporter/2026-04-20/skjermbilder/s4-doede-lenker-side.png
 create mode 100644 rapporter/2026-04-20/skjermbilder/s5-doede-lenker-side.png
 create mode 100644 rapporter/2026-04-20/skjermbilder/s6-doede-lenker-side.png
 create mode 100644 rapporter/2026-04-20/skjermbilder/s7-doede-lenker-side.png
 create mode 100644 rapporter/2026-04-20/skjermbilder/s8-doede-lenker-side.png
 create mode 100644 rapporter/2026-04-20/uu-rapport-08-30.html
 create mode 100644 rapporter/2026-04-20/uu-rapport.html
[main d06b6b3] Daglig UU-rapport 2026-04-21 [skip ci]
 45 files changed, 7391 insertions(+), 249 deletions(-)
 create mode 100644 docs/arkiv/2026-04-21/monkey-rapport-08-30.html
 create mode 100644 docs/arkiv/2026-04-21/negativ-rapport-08-31.html
 create mode 100644 docs/arkiv/2026-04-21/sikkerhet-rapport-08-30.html
 create mode 100644 docs/arkiv/2026-04-21/skjermbilder-monkey/monkey-pre-submit-3.png
 create mode 100644 docs/arkiv/2026-04-21/uu-rapport-08-30.html
 create mode 100644 rapporter/2026-04-21/monkey-rapport-08-30.html
 create mode 100644 rapporter/2026-04-21/monkey-resultat-08-30.json
 create mode 100644 rapporter/2026-04-21/negativ-rapport-08-31.html
 create mode 100644 rapporter/2026-04-21/negativ-resultat-08-31.json
 create mode 100644 rapporter/2026-04-21/resultat-08-30.json
 create mode 100644 rapporter/2026-04-21/sikkerhet-rapport-08-30.html
 create mode 100644 rapporter/2026-04-21/sikkerhet-resultat-08-30.json
 create mode 100644 rapporter/2026-04-21/skjermbilder-monkey/monkey-pre-submit-3.png
 create mode 100644 rapporter/2026-04-21/uu-rapport-08-30.html
[main 4ccfe19] Daglig UU-rapport 2026-04-22 [skip ci]
 86 files changed, 16621 insertions(+), 617 deletions(-)
 create mode 100644 docs/arkiv/2026-04-22/monkey-rapport-08-30.html
 create mode 100644 docs/arkiv/2026-04-22/monkey-rapport.html
 create mode 100644 docs/arkiv/2026-04-22/negativ-rapport-08-31.html
 create mode 100644 docs/arkiv/2026-04-22/negativ-rapport.html
 create mode 100644 docs/arkiv/2026-04-22/sikkerhet-rapport-08-31.html
 create mode 100644 docs/arkiv/2026-04-22/sikkerhet-rapport.html
 create mode 100644 docs/arkiv/2026-04-22/skjermbilder-monkey/monkey-feilside-1.png
 create mode 100644 docs/arkiv/2026-04-22/skjermbilder-monkey/monkey-feilside-3.png
 create mode 100644 docs/arkiv/2026-04-22/skjermbilder-monkey/monkey-feilside-4.png
 create mode 100644 docs/arkiv/2026-04-22/skjermbilder-monkey/monkey-feilside-5.png
 create mode 100644 docs/arkiv/2026-04-22/skjermbilder-monkey/monkey-feilside-7.png
 create mode 100644 docs/arkiv/2026-04-22/skjermbilder-monkey/monkey-feilside-8.png
 create mode 100644 docs/arkiv/2026-04-22/skjermbilder-monkey/monkey-pre-submit-2.png
 create mode 100644 docs/arkiv/2026-04-22/skjermbilder-monkey/monkey-pre-submit-6.png
 create mode 100644 docs/arkiv/2026-04-22/skjermbilder-negativ/negativ-mobil-5.png
 create mode 100644 docs/arkiv/2026-04-22/skjermbilder-negativ/negativ-url-ingen-feilside-1.png
 create mode 100644 docs/arkiv/2026-04-22/skjermbilder-negativ/negativ-url-ingen-feilside-2.png
 create mode 100644 docs/arkiv/2026-04-22/skjermbilder-negativ/negativ-url-ingen-feilside-3.png
 create mode 100644 docs/arkiv/2026-04-22/skjermbilder-negativ/negativ-url-ingen-feilside-4.png
 create mode 100644 docs/arkiv/2026-04-22/skjermbilder-tastatur/tastatur-hopplenke-1.png
 create mode 100644 docs/arkiv/2026-04-22/skjermbilder/s4-doede-lenker-side.png
 create mode 100644 docs/arkiv/2026-04-22/skjermbilder/s5-doede-lenker-side.png
 create mode 100644 docs/arkiv/2026-04-22/skjermbilder/s6-doede-lenker-side.png
 create mode 100644 docs/arkiv/2026-04-22/skjermbilder/s7-doede-lenker-side.png
 create mode 100644 docs/arkiv/2026-04-22/skjermbilder/s8-doede-lenker-side.png
 create mode 100644 docs/arkiv/2026-04-22/tastatur-rapport-08-31.html
 create mode 100644 docs/arkiv/2026-04-22/tastatur-rapport.html
 create mode 100644 docs/arkiv/2026-04-22/uu-rapport-08-30.html
 create mode 100644 docs/skjermbilder-tastatur/tastatur-hopplenke-1.png
 create mode 100644 docs/skjermbilder/s2-doede-lenker-side.png
 create mode 100644 docs/tastatur-rapport.html
 create mode 100644 rapporter/2026-04-21/skjermbilder-tastatur/tastatur-hopplenke-1.png
 create mode 100644 rapporter/2026-04-22/monkey-rapport-08-30.html
 create mode 100644 rapporter/2026-04-22/monkey-rapport.html
 create mode 100644 rapporter/2026-04-22/monkey-resultat-08-30.json
 create mode 100644 rapporter/2026-04-22/monkey-resultat.json
 create mode 100644 rapporter/2026-04-22/negativ-rapport-08-31.html
 create mode 100644 rapporter/2026-04-22/negativ-rapport.html
 create mode 100644 rapporter/2026-04-22/negativ-resultat-08-31.json
 create mode 100644 rapporter/2026-04-22/negativ-resultat.json
 create mode 100644 rapporter/2026-04-22/resultat-08-30.json
 create mode 100644 rapporter/2026-04-22/sikkerhet-rapport-08-31.html
 create mode 100644 rapporter/2026-04-22/sikkerhet-rapport.html
 create mode 100644 rapporter/2026-04-22/sikkerhet-resultat-08-31.json
 create mode 100644 rapporter/2026-04-22/sikkerhet-resultat.json
 create mode 100644 rapporter/2026-04-22/skjermbilder-monkey/monkey-feilside-1.png
 create mode 100644 rapporter/2026-04-22/skjermbilder-monkey/monkey-feilside-3.png
 create mode 100644 rapporter/2026-04-22/skjermbilder-monkey/monkey-feilside-4.png
 create mode 100644 rapporter/2026-04-22/skjermbilder-monkey/monkey-feilside-5.png
 create mode 100644 rapporter/2026-04-22/skjermbilder-monkey/monkey-feilside-7.png
 create mode 100644 rapporter/2026-04-22/skjermbilder-monkey/monkey-feilside-8.png
 create mode 100644 rapporter/2026-04-22/skjermbilder-monkey/monkey-pre-submit-2.png
 create mode 100644 rapporter/2026-04-22/skjermbilder-monkey/monkey-pre-submit-6.png
 create mode 100644 rapporter/2026-04-22/skjermbilder-negativ/negativ-mobil-5.png
 create mode 100644 rapporter/2026-04-22/skjermbilder-negativ/negativ-url-ingen-feilside-1.png
 create mode 100644 rapporter/2026-04-22/skjermbilder-negativ/negativ-url-ingen-feilside-2.png
 create mode 100644 rapporter/2026-04-22/skjermbilder-negativ/negativ-url-ingen-feilside-3.png
 create mode 100644 rapporter/2026-04-22/skjermbilder-negativ/negativ-url-ingen-feilside-4.png
 create mode 100644 rapporter/2026-04-22/skjermbilder-tastatur/tastatur-hopplenke-1.png
 create mode 100644 rapporter/2026-04-22/skjermbilder/s4-doede-lenker-side.png
 create mode 100644 rapporter/2026-04-22/skjermbilder/s5-doede-lenker-side.png
 create mode 100644 rapporter/2026-04-22/skjermbilder/s6-doede-lenker-side.png
 create mode 100644 rapporter/2026-04-22/skjermbilder/s7-doede-lenker-side.png
 create mode 100644 rapporter/2026-04-22/skjermbilder/s8-doede-lenker-side.png
 create mode 100644 rapporter/2026-04-22/tastatur-rapport-08-31.html
 create mode 100644 rapporter/2026-04-22/tastatur-rapport.html
 create mode 100644 rapporter/2026-04-22/tastatur-resultat-08-31.json
 create mode 100644 rapporter/2026-04-22/tastatur-resultat.json
 create mode 100644 rapporter/2026-04-22/uu-rapport-08-30.html
[main 41aa619] Daglig UU-rapport 2026-04-23 [skip ci]
 77 files changed, 19542 insertions(+), 179 deletions(-)
 create mode 100644 docs/arkiv/2026-04-22/uu-rapport-21-42.html
 create mode 100644 docs/arkiv/2026-04-23/monkey-rapport-08-30.html
 create mode 100644 docs/arkiv/2026-04-23/monkey-rapport.html
 create mode 100644 docs/arkiv/2026-04-23/negativ-rapport-08-31.html
 create mode 100644 docs/arkiv/2026-04-23/negativ-rapport.html
 create mode 100644 docs/arkiv/2026-04-23/sikkerhet-rapport-08-31.html
 create mode 100644 docs/arkiv/2026-04-23/sikkerhet-rapport.html
 create mode 100644 docs/arkiv/2026-04-23/skjermbilder-monkey/monkey-feilside-1.png
 create mode 100644 docs/arkiv/2026-04-23/skjermbilder-monkey/monkey-feilside-4.png
 create mode 100644 docs/arkiv/2026-04-23/skjermbilder-monkey/monkey-pre-submit-2.png
 create mode 100644 docs/arkiv/2026-04-23/skjermbilder-monkey/monkey-pre-submit-3.png
 create mode 100644 docs/arkiv/2026-04-23/skjermbilder-monkey/monkey-pre-submit-5.png
 create mode 100644 docs/arkiv/2026-04-23/skjermbilder-monkey/monkey-pre-submit-6.png
 create mode 100644 docs/arkiv/2026-04-23/skjermbilder-negativ/negativ-mobil-5.png
 create mode 100644 docs/arkiv/2026-04-23/skjermbilder-negativ/negativ-url-ingen-feilside-1.png
 create mode 100644 docs/arkiv/2026-04-23/skjermbilder-negativ/negativ-url-ingen-feilside-2.png
 create mode 100644 docs/arkiv/2026-04-23/skjermbilder-negativ/negativ-url-ingen-feilside-3.png
 create mode 100644 docs/arkiv/2026-04-23/skjermbilder-negativ/negativ-url-ingen-feilside-4.png
 create mode 100644 docs/arkiv/2026-04-23/skjermbilder/s2-page-has-heading-one-0-element.png
 create mode 100644 docs/arkiv/2026-04-23/skjermbilder/s2-page-has-heading-one-0-side.png
 create mode 100644 docs/arkiv/2026-04-23/skjermbilder/s4-doede-lenker-side.png
 create mode 100644 docs/arkiv/2026-04-23/skjermbilder/s5-doede-lenker-side.png
 create mode 100644 docs/arkiv/2026-04-23/skjermbilder/s6-doede-lenker-side.png
 create mode 100644 docs/arkiv/2026-04-23/skjermbilder/s7-doede-lenker-side.png
 create mode 100644 docs/arkiv/2026-04-23/skjermbilder/s8-doede-lenker-side.png
 create mode 100644 docs/arkiv/2026-04-23/uu-rapport-08-30.html
 create mode 100644 docs/arkiv/2026-04-23/uu-rapport.html
 create mode 100644 rapporter/2026-04-22/resultat-21-42.json
 create mode 100644 rapporter/2026-04-22/uu-rapport-21-42.html
 create mode 100644 rapporter/2026-04-23/monkey-rapport-08-30.html
 create mode 100644 rapporter/2026-04-23/monkey-rapport.html
 create mode 100644 rapporter/2026-04-23/monkey-resultat-08-30.json
 create mode 100644 rapporter/2026-04-23/monkey-resultat.json
 create mode 100644 rapporter/2026-04-23/negativ-rapport-08-31.html
 create mode 100644 rapporter/2026-04-23/negativ-rapport.html
 create mode 100644 rapporter/2026-04-23/negativ-resultat-08-31.json
 create mode 100644 rapporter/2026-04-23/negativ-resultat.json
 create mode 100644 rapporter/2026-04-23/resultat-08-30.json
 create mode 100644 rapporter/2026-04-23/resultat.json
 create mode 100644 rapporter/2026-04-23/sikkerhet-rapport-08-31.html
 create mode 100644 rapporter/2026-04-23/sikkerhet-rapport.html
 create mode 100644 rapporter/2026-04-23/sikkerhet-resultat-08-31.json
 create mode 100644 rapporter/2026-04-23/sikkerhet-resultat.json
 create mode 100644 rapporter/2026-04-23/skjermbilder-monkey/monkey-feilside-1.png
 create mode 100644 rapporter/2026-04-23/skjermbilder-monkey/monkey-feilside-4.png
 create mode 100644 rapporter/2026-04-23/skjermbilder-monkey/monkey-pre-submit-2.png
 create mode 100644 rapporter/2026-04-23/skjermbilder-monkey/monkey-pre-submit-3.png
 create mode 100644 rapporter/2026-04-23/skjermbilder-monkey/monkey-pre-submit-5.png
 create mode 100644 rapporter/2026-04-23/skjermbilder-monkey/monkey-pre-submit-6.png
 create mode 100644 rapporter/2026-04-23/skjermbilder-negativ/negativ-mobil-5.png
 create mode 100644 rapporter/2026-04-23/skjermbilder-negativ/negativ-url-ingen-feilside-1.png
 create mode 100644 rapporter/2026-04-23/skjermbilder-negativ/negativ-url-ingen-feilside-2.png
 create mode 100644 rapporter/2026-04-23/skjermbilder-negativ/negativ-url-ingen-feilside-3.png
 create mode 100644 rapporter/2026-04-23/skjermbilder-negativ/negativ-url-ingen-feilside-4.png
 create mode 100644 rapporter/2026-04-23/skjermbilder/s2-page-has-heading-one-0-element.png
 create mode 100644 rapporter/2026-04-23/skjermbilder/s2-page-has-heading-one-0-side.png
 create mode 100644 rapporter/2026-04-23/skjermbilder/s4-doede-lenker-side.png
 create mode 100644 rapporter/2026-04-23/skjermbilder/s5-doede-lenker-side.png
 create mode 100644 rapporter/2026-04-23/skjermbilder/s6-doede-lenker-side.png
 create mode 100644 rapporter/2026-04-23/skjermbilder/s7-doede-lenker-side.png
 create mode 100644 rapporter/2026-04-23/skjermbilder/s8-doede-lenker-side.png
 create mode 100644 rapporter/2026-04-23/uu-rapport-08-30.html
 create mode 100644 rapporter/2026-04-23/uu-rapport.html
[main a3ed53e] Daglig UU-rapport 2026-04-24 [skip ci]
 58 files changed, 8953 insertions(+), 349 deletions(-)
 create mode 100644 docs/arkiv/2026-04-24/monkey-rapport-08-30.html
 create mode 100644 docs/arkiv/2026-04-24/negativ-rapport-08-31.html
 create mode 100644 docs/arkiv/2026-04-24/sikkerhet-rapport-08-31.html
 create mode 100644 docs/arkiv/2026-04-24/skjermbilder-monkey/monkey-feilside-3.png
 create mode 100644 docs/arkiv/2026-04-24/skjermbilder-monkey/monkey-feilside-5.png
 create mode 100644 docs/arkiv/2026-04-24/skjermbilder-monkey/monkey-pre-submit-2.png
 create mode 100644 docs/arkiv/2026-04-24/skjermbilder-monkey/monkey-pre-submit-7.png
 create mode 100644 docs/arkiv/2026-04-24/uu-rapport-08-30.html
 create mode 100644 rapporter/2026-04-24/monkey-rapport-08-30.html
 create mode 100644 rapporter/2026-04-24/monkey-resultat-08-30.json
 create mode 100644 rapporter/2026-04-24/negativ-rapport-08-31.html
 create mode 100644 rapporter/2026-04-24/negativ-resultat-08-31.json
 create mode 100644 rapporter/2026-04-24/resultat-08-30.json
 create mode 100644 rapporter/2026-04-24/sikkerhet-rapport-08-31.html
 create mode 100644 rapporter/2026-04-24/sikkerhet-resultat-08-31.json
 create mode 100644 rapporter/2026-04-24/skjermbilder-monkey/monkey-feilside-3.png
 create mode 100644 rapporter/2026-04-24/skjermbilder-monkey/monkey-feilside-5.png
 create mode 100644 rapporter/2026-04-24/skjermbilder-monkey/monkey-pre-submit-2.png
 create mode 100644 rapporter/2026-04-24/skjermbilder-monkey/monkey-pre-submit-7.png
 create mode 100644 rapporter/2026-04-24/uu-rapport-08-30.html
[main c3d6745] Daglig UU-rapport 2026-04-27 [skip ci]
 132 files changed, 20152 insertions(+), 748 deletions(-)
 create mode 100644 docs/arkiv/2026-04-27/monkey-rapport-08-30.html
 create mode 100644 docs/arkiv/2026-04-27/negativ-rapport-08-31.html
 create mode 100644 docs/arkiv/2026-04-27/sikkerhet-rapport-08-30.html
 create mode 100644 docs/arkiv/2026-04-27/skjermbilder-monkey/monkey-pre-submit-7.png
 create mode 100644 docs/arkiv/2026-04-27/skjermbilder/s10-landmark-one-main-0-element.png
 create mode 100644 docs/arkiv/2026-04-27/skjermbilder/s10-landmark-one-main-0-side.png
 create mode 100644 docs/arkiv/2026-04-27/skjermbilder/s10-region-1-element.png
 create mode 100644 docs/arkiv/2026-04-27/skjermbilder/s10-region-1-side.png
 create mode 100644 docs/arkiv/2026-04-27/skjermbilder/s11-landmark-one-main-0-element.png
 create mode 100644 docs/arkiv/2026-04-27/skjermbilder/s11-landmark-one-main-0-side.png
 create mode 100644 docs/arkiv/2026-04-27/skjermbilder/s11-region-1-element.png
 create mode 100644 docs/arkiv/2026-04-27/skjermbilder/s11-region-1-side.png
 create mode 100644 docs/arkiv/2026-04-27/skjermbilder/s12-landmark-one-main-0-element.png
 create mode 100644 docs/arkiv/2026-04-27/skjermbilder/s12-landmark-one-main-0-side.png
 create mode 100644 docs/arkiv/2026-04-27/skjermbilder/s12-region-1-element.png
 create mode 100644 docs/arkiv/2026-04-27/skjermbilder/s12-region-1-side.png
 create mode 100644 docs/arkiv/2026-04-27/skjermbilder/s13-landmark-one-main-0-element.png
 create mode 100644 docs/arkiv/2026-04-27/skjermbilder/s13-landmark-one-main-0-side.png
 create mode 100644 docs/arkiv/2026-04-27/skjermbilder/s13-region-1-element.png
 create mode 100644 docs/arkiv/2026-04-27/skjermbilder/s13-region-1-side.png
 create mode 100644 docs/arkiv/2026-04-27/skjermbilder/s14-landmark-one-main-0-element.png
 create mode 100644 docs/arkiv/2026-04-27/skjermbilder/s14-landmark-one-main-0-side.png
 create mode 100644 docs/arkiv/2026-04-27/skjermbilder/s14-region-1-element.png
 create mode 100644 docs/arkiv/2026-04-27/skjermbilder/s14-region-1-side.png
 create mode 100644 docs/arkiv/2026-04-27/skjermbilder/s15-landmark-one-main-0-element.png
 create mode 100644 docs/arkiv/2026-04-27/skjermbilder/s15-landmark-one-main-0-side.png
 create mode 100644 docs/arkiv/2026-04-27/skjermbilder/s15-region-1-element.png
 create mode 100644 docs/arkiv/2026-04-27/skjermbilder/s15-region-1-side.png
 create mode 100644 docs/arkiv/2026-04-27/skjermbilder/s16-landmark-one-main-0-element.png
 create mode 100644 docs/arkiv/2026-04-27/skjermbilder/s16-landmark-one-main-0-side.png
 create mode 100644 docs/arkiv/2026-04-27/skjermbilder/s16-region-1-element.png
 create mode 100644 docs/arkiv/2026-04-27/skjermbilder/s16-region-1-side.png
 create mode 100644 docs/arkiv/2026-04-27/skjermbilder/s17-doede-lenker-side.png
 create mode 100644 docs/arkiv/2026-04-27/skjermbilder/s3-doede-lenker-side.png
 create mode 100644 docs/arkiv/2026-04-27/skjermbilder/s9-landmark-one-main-0-element.png
 create mode 100644 docs/arkiv/2026-04-27/skjermbilder/s9-landmark-one-main-0-side.png
 create mode 100644 docs/arkiv/2026-04-27/skjermbilder/s9-region-1-element.png
 create mode 100644 docs/arkiv/2026-04-27/skjermbilder/s9-region-1-side.png
 create mode 100644 docs/arkiv/2026-04-27/uu-rapport-08-30.html
 create mode 100644 rapporter/2026-04-27/monkey-rapport-08-30.html
 create mode 100644 rapporter/2026-04-27/monkey-resultat-08-30.json
 create mode 100644 rapporter/2026-04-27/negativ-rapport-08-31.html
 create mode 100644 rapporter/2026-04-27/negativ-resultat-08-31.json
 create mode 100644 rapporter/2026-04-27/resultat-08-30.json
 create mode 100644 rapporter/2026-04-27/sikkerhet-rapport-08-30.html
 create mode 100644 rapporter/2026-04-27/sikkerhet-resultat-08-30.json
 create mode 100644 rapporter/2026-04-27/skjermbilder-monkey/monkey-pre-submit-7.png
 create mode 100644 rapporter/2026-04-27/skjermbilder/s10-landmark-one-main-0-element.png
 create mode 100644 rapporter/2026-04-27/skjermbilder/s10-landmark-one-main-0-side.png
 create mode 100644 rapporter/2026-04-27/skjermbilder/s10-region-1-element.png
 create mode 100644 rapporter/2026-04-27/skjermbilder/s10-region-1-side.png
 create mode 100644 rapporter/2026-04-27/skjermbilder/s11-landmark-one-main-0-element.png
 create mode 100644 rapporter/2026-04-27/skjermbilder/s11-landmark-one-main-0-side.png
 create mode 100644 rapporter/2026-04-27/skjermbilder/s11-region-1-element.png
 create mode 100644 rapporter/2026-04-27/skjermbilder/s11-region-1-side.png
 create mode 100644 rapporter/2026-04-27/skjermbilder/s12-landmark-one-main-0-element.png
 create mode 100644 rapporter/2026-04-27/skjermbilder/s12-landmark-one-main-0-side.png
 create mode 100644 rapporter/2026-04-27/skjermbilder/s12-region-1-element.png
 create mode 100644 rapporter/2026-04-27/skjermbilder/s12-region-1-side.png
 create mode 100644 rapporter/2026-04-27/skjermbilder/s13-landmark-one-main-0-element.png
 create mode 100644 rapporter/2026-04-27/skjermbilder/s13-landmark-one-main-0-side.png
 create mode 100644 rapporter/2026-04-27/skjermbilder/s13-region-1-element.png
 create mode 100644 rapporter/2026-04-27/skjermbilder/s13-region-1-side.png
 create mode 100644 rapporter/2026-04-27/skjermbilder/s14-landmark-one-main-0-element.png
 create mode 100644 rapporter/2026-04-27/skjermbilder/s14-landmark-one-main-0-side.png
 create mode 100644 rapporter/2026-04-27/skjermbilder/s14-region-1-element.png
 create mode 100644 rapporter/2026-04-27/skjermbilder/s14-region-1-side.png
 create mode 100644 rapporter/2026-04-27/skjermbilder/s15-landmark-one-main-0-element.png
 create mode 100644 rapporter/2026-04-27/skjermbilder/s15-landmark-one-main-0-side.png
 create mode 100644 rapporter/2026-04-27/skjermbilder/s15-region-1-element.png
 create mode 100644 rapporter/2026-04-27/skjermbilder/s15-region-1-side.png
 create mode 100644 rapporter/2026-04-27/skjermbilder/s16-landmark-one-main-0-element.png
 create mode 100644 rapporter/2026-04-27/skjermbilder/s16-landmark-one-main-0-side.png
 create mode 100644 rapporter/2026-04-27/skjermbilder/s16-region-1-element.png
 create mode 100644 rapporter/2026-04-27/skjermbilder/s16-region-1-side.png
 create mode 100644 rapporter/2026-04-27/skjermbilder/s17-doede-lenker-side.png
 create mode 100644 rapporter/2026-04-27/skjermbilder/s3-doede-lenker-side.png
 create mode 100644 rapporter/2026-04-27/skjermbilder/s9-landmark-one-main-0-element.png
 create mode 100644 rapporter/2026-04-27/skjermbilder/s9-landmark-one-main-0-side.png
 create mode 100644 rapporter/2026-04-27/skjermbilder/s9-region-1-element.png
 create mode 100644 rapporter/2026-04-27/skjermbilder/s9-region-1-side.png
 create mode 100644 rapporter/2026-04-27/uu-rapport-08-30.html
[main 349466e] Daglig UU-rapport 2026-04-28 [skip ci]
 153 files changed, 25330 insertions(+), 286 deletions(-)
 create mode 100644 docs/arkiv/2026-04-28/monkey-rapport-08-30.html
 create mode 100644 docs/arkiv/2026-04-28/monkey-rapport.html
 create mode 100644 docs/arkiv/2026-04-28/negativ-rapport-08-30.html
 create mode 100644 docs/arkiv/2026-04-28/negativ-rapport.html
 create mode 100644 docs/arkiv/2026-04-28/sikkerhet-rapport-08-30.html
 create mode 100644 docs/arkiv/2026-04-28/sikkerhet-rapport.html
 create mode 100644 docs/arkiv/2026-04-28/skjermbilder-monkey/monkey-pre-submit-1.png
 create mode 100644 docs/arkiv/2026-04-28/skjermbilder-monkey/monkey-pre-submit-2.png
 create mode 100644 docs/arkiv/2026-04-28/skjermbilder-monkey/monkey-pre-submit-3.png
 create mode 100644 docs/arkiv/2026-04-28/skjermbilder-monkey/monkey-pre-submit-4.png
 create mode 100644 docs/arkiv/2026-04-28/skjermbilder-monkey/monkey-pre-submit-5.png
 create mode 100644 docs/arkiv/2026-04-28/skjermbilder-monkey/monkey-pre-submit-6.png
 create mode 100644 docs/arkiv/2026-04-28/skjermbilder-monkey/monkey-pre-submit-7.png
 create mode 100644 docs/arkiv/2026-04-28/skjermbilder-negativ/negativ-mobil-5.png
 create mode 100644 docs/arkiv/2026-04-28/skjermbilder-negativ/negativ-url-ingen-feilside-1.png
 create mode 100644 docs/arkiv/2026-04-28/skjermbilder-negativ/negativ-url-ingen-feilside-2.png
 create mode 100644 docs/arkiv/2026-04-28/skjermbilder-negativ/negativ-url-ingen-feilside-3.png
 create mode 100644 docs/arkiv/2026-04-28/skjermbilder-negativ/negativ-url-ingen-feilside-4.png
 create mode 100644 docs/arkiv/2026-04-28/skjermbilder/s10-landmark-one-main-0-element.png
 create mode 100644 docs/arkiv/2026-04-28/skjermbilder/s10-landmark-one-main-0-side.png
 create mode 100644 docs/arkiv/2026-04-28/skjermbilder/s10-region-1-element.png
 create mode 100644 docs/arkiv/2026-04-28/skjermbilder/s10-region-1-side.png
 create mode 100644 docs/arkiv/2026-04-28/skjermbilder/s11-landmark-one-main-0-element.png
 create mode 100644 docs/arkiv/2026-04-28/skjermbilder/s11-landmark-one-main-0-side.png
 create mode 100644 docs/arkiv/2026-04-28/skjermbilder/s11-region-1-element.png
 create mode 100644 docs/arkiv/2026-04-28/skjermbilder/s11-region-1-side.png
 create mode 100644 docs/arkiv/2026-04-28/skjermbilder/s12-landmark-one-main-0-element.png
 create mode 100644 docs/arkiv/2026-04-28/skjermbilder/s12-landmark-one-main-0-side.png
 create mode 100644 docs/arkiv/2026-04-28/skjermbilder/s12-region-1-element.png
 create mode 100644 docs/arkiv/2026-04-28/skjermbilder/s12-region-1-side.png
 create mode 100644 docs/arkiv/2026-04-28/skjermbilder/s13-landmark-one-main-0-element.png
 create mode 100644 docs/arkiv/2026-04-28/skjermbilder/s13-landmark-one-main-0-side.png
 create mode 100644 docs/arkiv/2026-04-28/skjermbilder/s13-region-1-element.png
 create mode 100644 docs/arkiv/2026-04-28/skjermbilder/s13-region-1-side.png
 create mode 100644 docs/arkiv/2026-04-28/skjermbilder/s14-landmark-one-main-0-element.png
 create mode 100644 docs/arkiv/2026-04-28/skjermbilder/s14-landmark-one-main-0-side.png
 create mode 100644 docs/arkiv/2026-04-28/skjermbilder/s14-region-1-element.png
 create mode 100644 docs/arkiv/2026-04-28/skjermbilder/s14-region-1-side.png
 create mode 100644 docs/arkiv/2026-04-28/skjermbilder/s15-landmark-one-main-0-element.png
 create mode 100644 docs/arkiv/2026-04-28/skjermbilder/s15-landmark-one-main-0-side.png
 create mode 100644 docs/arkiv/2026-04-28/skjermbilder/s15-region-1-element.png
 create mode 100644 docs/arkiv/2026-04-28/skjermbilder/s15-region-1-side.png
 create mode 100644 docs/arkiv/2026-04-28/skjermbilder/s16-landmark-one-main-0-element.png
 create mode 100644 docs/arkiv/2026-04-28/skjermbilder/s16-landmark-one-main-0-side.png
 create mode 100644 docs/arkiv/2026-04-28/skjermbilder/s16-region-1-element.png
 create mode 100644 docs/arkiv/2026-04-28/skjermbilder/s16-region-1-side.png
 create mode 100644 docs/arkiv/2026-04-28/skjermbilder/s17-doede-lenker-side.png
 create mode 100644 docs/arkiv/2026-04-28/skjermbilder/s2-page-has-heading-one-0-element.png
 create mode 100644 docs/arkiv/2026-04-28/skjermbilder/s2-page-has-heading-one-0-side.png
 create mode 100644 docs/arkiv/2026-04-28/skjermbilder/s3-doede-lenker-side.png
 create mode 100644 docs/arkiv/2026-04-28/skjermbilder/s4-doede-lenker-side.png
 create mode 100644 docs/arkiv/2026-04-28/skjermbilder/s5-doede-lenker-side.png
 create mode 100644 docs/arkiv/2026-04-28/skjermbilder/s6-doede-lenker-side.png
 create mode 100644 docs/arkiv/2026-04-28/skjermbilder/s7-doede-lenker-side.png
 create mode 100644 docs/arkiv/2026-04-28/skjermbilder/s8-doede-lenker-side.png
 create mode 100644 docs/arkiv/2026-04-28/skjermbilder/s9-landmark-one-main-0-element.png
 create mode 100644 docs/arkiv/2026-04-28/skjermbilder/s9-landmark-one-main-0-side.png
 create mode 100644 docs/arkiv/2026-04-28/skjermbilder/s9-region-1-element.png
 create mode 100644 docs/arkiv/2026-04-28/skjermbilder/s9-region-1-side.png
 create mode 100644 docs/arkiv/2026-04-28/uu-rapport-08-30.html
 create mode 100644 docs/arkiv/2026-04-28/uu-rapport.html
 create mode 100644 docs/arkiv/2026-04-28/ytelse-rapport.html
 create mode 100644 rapporter/2026-04-28/monkey-rapport-08-30.html
 create mode 100644 rapporter/2026-04-28/monkey-rapport.html
 create mode 100644 rapporter/2026-04-28/monkey-resultat-08-30.json
 create mode 100644 rapporter/2026-04-28/monkey-resultat.json
 create mode 100644 rapporter/2026-04-28/negativ-rapport-08-30.html
 create mode 100644 rapporter/2026-04-28/negativ-rapport.html
 create mode 100644 rapporter/2026-04-28/negativ-resultat-08-30.json
 create mode 100644 rapporter/2026-04-28/negativ-resultat.json
 create mode 100644 rapporter/2026-04-28/resultat-08-30.json
 create mode 100644 rapporter/2026-04-28/resultat.json
 create mode 100644 rapporter/2026-04-28/sikkerhet-rapport-08-30.html
 create mode 100644 rapporter/2026-04-28/sikkerhet-rapport.html
 create mode 100644 rapporter/2026-04-28/sikkerhet-resultat-08-30.json
 create mode 100644 rapporter/2026-04-28/sikkerhet-resultat.json
 create mode 100644 rapporter/2026-04-28/skjermbilder-monkey/monkey-pre-submit-1.png
 create mode 100644 rapporter/2026-04-28/skjermbilder-monkey/monkey-pre-submit-2.png
 create mode 100644 rapporter/2026-04-28/skjermbilder-monkey/monkey-pre-submit-3.png
 create mode 100644 rapporter/2026-04-28/skjermbilder-monkey/monkey-pre-submit-4.png
 create mode 100644 rapporter/2026-04-28/skjermbilder-monkey/monkey-pre-submit-5.png
 create mode 100644 rapporter/2026-04-28/skjermbilder-monkey/monkey-pre-submit-6.png
 create mode 100644 rapporter/2026-04-28/skjermbilder-monkey/monkey-pre-submit-7.png
 create mode 100644 rapporter/2026-04-28/skjermbilder-negativ/negativ-mobil-5.png
 create mode 100644 rapporter/2026-04-28/skjermbilder-negativ/negativ-url-ingen-feilside-1.png
 create mode 100644 rapporter/2026-04-28/skjermbilder-negativ/negativ-url-ingen-feilside-2.png
 create mode 100644 rapporter/2026-04-28/skjermbilder-negativ/negativ-url-ingen-feilside-3.png
 create mode 100644 rapporter/2026-04-28/skjermbilder-negativ/negativ-url-ingen-feilside-4.png
 create mode 100644 rapporter/2026-04-28/skjermbilder/s10-landmark-one-main-0-element.png
 create mode 100644 rapporter/2026-04-28/skjermbilder/s10-landmark-one-main-0-side.png
 create mode 100644 rapporter/2026-04-28/skjermbilder/s10-region-1-element.png
 create mode 100644 rapporter/2026-04-28/skjermbilder/s10-region-1-side.png
 create mode 100644 rapporter/2026-04-28/skjermbilder/s11-landmark-one-main-0-element.png
 create mode 100644 rapporter/2026-04-28/skjermbilder/s11-landmark-one-main-0-side.png
 create mode 100644 rapporter/2026-04-28/skjermbilder/s11-region-1-element.png
 create mode 100644 rapporter/2026-04-28/skjermbilder/s11-region-1-side.png
 create mode 100644 rapporter/2026-04-28/skjermbilder/s12-landmark-one-main-0-element.png
 create mode 100644 rapporter/2026-04-28/skjermbilder/s12-landmark-one-main-0-side.png
 create mode 100644 rapporter/2026-04-28/skjermbilder/s12-region-1-element.png
 create mode 100644 rapporter/2026-04-28/skjermbilder/s12-region-1-side.png
 create mode 100644 rapporter/2026-04-28/skjermbilder/s13-landmark-one-main-0-element.png
 create mode 100644 rapporter/2026-04-28/skjermbilder/s13-landmark-one-main-0-side.png
 create mode 100644 rapporter/2026-04-28/skjermbilder/s13-region-1-element.png
 create mode 100644 rapporter/2026-04-28/skjermbilder/s13-region-1-side.png
 create mode 100644 rapporter/2026-04-28/skjermbilder/s14-landmark-one-main-0-element.png
 create mode 100644 rapporter/2026-04-28/skjermbilder/s14-landmark-one-main-0-side.png
 create mode 100644 rapporter/2026-04-28/skjermbilder/s14-region-1-element.png
 create mode 100644 rapporter/2026-04-28/skjermbilder/s14-region-1-side.png
 create mode 100644 rapporter/2026-04-28/skjermbilder/s15-landmark-one-main-0-element.png
 create mode 100644 rapporter/2026-04-28/skjermbilder/s15-landmark-one-main-0-side.png
 create mode 100644 rapporter/2026-04-28/skjermbilder/s15-region-1-element.png
 create mode 100644 rapporter/2026-04-28/skjermbilder/s15-region-1-side.png
 create mode 100644 rapporter/2026-04-28/skjermbilder/s16-landmark-one-main-0-element.png
 create mode 100644 rapporter/2026-04-28/skjermbilder/s16-landmark-one-main-0-side.png
 create mode 100644 rapporter/2026-04-28/skjermbilder/s16-region-1-element.png
 create mode 100644 rapporter/2026-04-28/skjermbilder/s16-region-1-side.png
 create mode 100644 rapporter/2026-04-28/skjermbilder/s17-doede-lenker-side.png
 create mode 100644 rapporter/2026-04-28/skjermbilder/s2-page-has-heading-one-0-element.png
 create mode 100644 rapporter/2026-04-28/skjermbilder/s2-page-has-heading-one-0-side.png
 create mode 100644 rapporter/2026-04-28/skjermbilder/s3-doede-lenker-side.png
 create mode 100644 rapporter/2026-04-28/skjermbilder/s4-doede-lenker-side.png
 create mode 100644 rapporter/2026-04-28/skjermbilder/s5-doede-lenker-side.png
 create mode 100644 rapporter/2026-04-28/skjermbilder/s6-doede-lenker-side.png
 create mode 100644 rapporter/2026-04-28/skjermbilder/s7-doede-lenker-side.png
 create mode 100644 rapporter/2026-04-28/skjermbilder/s8-doede-lenker-side.png
 create mode 100644 rapporter/2026-04-28/skjermbilder/s9-landmark-one-main-0-element.png
 create mode 100644 rapporter/2026-04-28/skjermbilder/s9-landmark-one-main-0-side.png
 create mode 100644 rapporter/2026-04-28/skjermbilder/s9-region-1-element.png
 create mode 100644 rapporter/2026-04-28/skjermbilder/s9-region-1-side.png
 create mode 100644 rapporter/2026-04-28/uu-rapport-08-30.html
 create mode 100644 rapporter/2026-04-28/uu-rapport.html
 create mode 100644 rapporter/2026-04-28/ytelse-rapport.html
 create mode 100644 rapporter/2026-04-28/ytelse-resultat.json
